[17-Jan-2025 15:41:17 Europe/Berlin] === New Request to check_profile_status.php ===
[17-Jan-2025 15:41:17 Europe/Berlin] Request URI: /PetFurMe-Application/api/users/check_profile_status.php?user_id=104
[17-Jan-2025 15:41:17 Europe/Berlin] Request method: GET
[17-Jan-2025 15:41:17 Europe/Berlin] User ID: 104
[17-Jan-2025 15:41:17 Europe/Berlin] Database config loaded successfully from: C:\xampp\htdocs\PetFurMe-Application\api\users/../config/database.php
[17-Jan-2025 15:41:17 Europe/Berlin] Processing request for user_id: 104
[17-Jan-2025 15:41:17 Europe/Berlin] Database connection established successfully
[17-Jan-2025 15:41:17 Europe/Berlin] User count check completed: 1
[17-Jan-2025 15:41:17 Europe/Berlin] Profile data retrieved: {"name":"jamzzz","email":"undiaxinus@gmail.com","phone":null,"hasPhoto":false}
[17-Jan-2025 15:41:17 Europe/Berlin] Profile complete status: false
[17-Jan-2025 15:41:17 Europe/Berlin] Sending success response: {"success":true,"isProfileComplete":false,"user_id":"104","profile":{"name":"jamzzz","email":"undiaxinus@gmail.com","phone":null,"hasPhoto":false}}
[17-Jan-2025 15:45:04 Europe/Berlin] === New Request to check_profile_status.php ===
[17-Jan-2025 15:45:04 Europe/Berlin] Request URI: /PetFurMe-Application/api/users/check_profile_status.php?user_id=104
[17-Jan-2025 15:45:04 Europe/Berlin] Request method: GET
[17-Jan-2025 15:45:04 Europe/Berlin] User ID: 104
[17-Jan-2025 15:45:04 Europe/Berlin] Database config loaded successfully from: C:\xampp\htdocs\PetFurMe-Application\api\users/../config/database.php
[17-Jan-2025 15:45:04 Europe/Berlin] Processing request for user_id: 104
[17-Jan-2025 15:45:04 Europe/Berlin] Database connection established successfully
[17-Jan-2025 15:45:04 Europe/Berlin] User count check completed: 1
[17-Jan-2025 15:45:04 Europe/Berlin] Profile data retrieved: {"name":"jamzzz","email":"undiaxinus@gmail.com","phone":null,"hasPhoto":false}
[17-Jan-2025 15:45:04 Europe/Berlin] Profile complete status: false
[17-Jan-2025 15:45:04 Europe/Berlin] Sending success response: {"success":true,"isProfileComplete":false,"user_id":"104","profile":{"name":"jamzzz","email":"undiaxinus@gmail.com","phone":null,"hasPhoto":false}}
[17-Jan-2025 15:47:06 Europe/Berlin] === New Request to check_profile_status.php ===
[17-Jan-2025 15:47:06 Europe/Berlin] Request URI: /PetFurMe-Application/api/users/check_profile_status.php?user_id=127
[17-Jan-2025 15:47:06 Europe/Berlin] Request method: GET
[17-Jan-2025 15:47:06 Europe/Berlin] User ID: 127
[17-Jan-2025 15:47:06 Europe/Berlin] Database config loaded successfully from: C:\xampp\htdocs\PetFurMe-Application\api\users/../config/database.php
[17-Jan-2025 15:47:06 Europe/Berlin] Processing request for user_id: 127
[17-Jan-2025 15:47:06 Europe/Berlin] Database connection established successfully
[17-Jan-2025 15:47:06 Europe/Berlin] User count check completed: 1
[17-Jan-2025 15:47:06 Europe/Berlin] Profile data retrieved: {"name":"haha","email":"anonuevojamille@gmail.com","phone":null,"hasPhoto":false}
[17-Jan-2025 15:47:06 Europe/Berlin] Profile complete status: false
[17-Jan-2025 15:47:06 Europe/Berlin] Sending success response: {"success":true,"isProfileComplete":false,"user_id":"127","profile":{"name":"haha","email":"anonuevojamille@gmail.com","phone":null,"hasPhoto":false}}
[17-Jan-2025 15:50:19 Europe/Berlin] === New Request to check_profile_status.php ===
[17-Jan-2025 15:50:19 Europe/Berlin] Request URI: /PetFurMe-Application/api/users/check_profile_status.php?user_id=127
[17-Jan-2025 15:50:19 Europe/Berlin] Request method: GET
[17-Jan-2025 15:50:19 Europe/Berlin] User ID: 127
[17-Jan-2025 15:50:19 Europe/Berlin] Database config loaded successfully from: C:\xampp\htdocs\PetFurMe-Application\api\users/../config/database.php
[17-Jan-2025 15:50:19 Europe/Berlin] Processing request for user_id: 127
[17-Jan-2025 15:50:19 Europe/Berlin] Database connection established successfully
[17-Jan-2025 15:50:19 Europe/Berlin] User count check completed: 1
[17-Jan-2025 15:50:19 Europe/Berlin] Profile data retrieved: {"name":"haha","email":"anonuevojamille@gmail.com","phone":null,"hasPhoto":false}
[17-Jan-2025 15:50:19 Europe/Berlin] Profile complete status: false
[17-Jan-2025 15:50:19 Europe/Berlin] Sending success response: {"success":true,"isProfileComplete":false,"user_id":"127","profile":{"name":"haha","email":"anonuevojamille@gmail.com","phone":null,"hasPhoto":false}}
[17-Jan-2025 15:51:32 Europe/Berlin] === New Request to check_profile_status.php ===
[17-Jan-2025 15:51:32 Europe/Berlin] Request URI: /PetFurMe-Application/api/users/check_profile_status.php?user_id=127
[17-Jan-2025 15:51:32 Europe/Berlin] Request method: GET
[17-Jan-2025 15:51:32 Europe/Berlin] User ID: 127
[17-Jan-2025 15:51:32 Europe/Berlin] Database config loaded successfully from: C:\xampp\htdocs\PetFurMe-Application\api\users/../config/database.php
[17-Jan-2025 15:51:32 Europe/Berlin] Processing request for user_id: 127
[17-Jan-2025 15:51:32 Europe/Berlin] Database connection established successfully
[17-Jan-2025 15:51:32 Europe/Berlin] User count check completed: 1
[17-Jan-2025 15:51:32 Europe/Berlin] Profile data retrieved: {"name":"haha","email":"anonuevojamille@gmail.com","phone":null,"hasPhoto":false}
[17-Jan-2025 15:51:32 Europe/Berlin] Profile complete status: false
[17-Jan-2025 15:51:32 Europe/Berlin] Sending success response: {"success":true,"isProfileComplete":false,"user_id":"127","profile":{"name":"haha","email":"anonuevojamille@gmail.com","phone":null,"hasPhoto":false}}
