[20-Feb-2025 18:56:25 Europe/Berlin] === Pet Update Request ===
[20-Feb-2025 18:56:25 Europe/Berlin] Request Method: POST
[20-Feb-2025 18:56:25 Europe/Berlin] Raw POST data: Array
(
    [photo] => [object Object]
    [data] => {"user_id":108,"created_by":108,"name":"Cutie","type":"cat","breed":"dfg","age":3,"age_unit":"years","owner_name":null,"allergies":"null","notes":"null","category":"Cat","gender":"male","weight":2,"size":"medium","created_at":"2025-02-20T17:56:25.902Z","updated_at":"2025-02-20T17:56:25.902Z","pet_id":36}
)

[20-Feb-2025 18:56:25 Europe/Berlin] Files data: Array
(
)

[20-Feb-2025 18:56:25 Europe/Berlin] Attempting database connection to localhost/pet-management
[20-Feb-2025 18:56:25 Europe/Berlin] Database connection successful
[20-Feb-2025 18:56:25 Europe/Berlin] Decoded pet data: Array
(
    [user_id] => 108
    [created_by] => 108
    [name] => Cutie
    [type] => cat
    [breed] => dfg
    [age] => 3
    [age_unit] => years
    [owner_name] => 
    [allergies] => null
    [notes] => null
    [category] => Cat
    [gender] => male
    [weight] => 2
    [size] => medium
    [created_at] => 2025-02-20T17:56:25.902Z
    [updated_at] => 2025-02-20T17:56:25.902Z
    [pet_id] => 36
)

[20-Feb-2025 18:56:25 Europe/Berlin] Final query: UPDATE pets SET 
              name = ?, 
              age = ?, 
              type = ?, 
              breed = ?, 
              size = ?, 
              weight = ?, 
              gender = ?, 
              allergies = ?, 
              notes = ?,
              updated_at = NOW() WHERE id = ? AND user_id = ?
[20-Feb-2025 18:56:25 Europe/Berlin] Parameters: Array
(
    [0] => Cutie
    [1] => 3
    [2] => cat
    [3] => dfg
    [4] => medium
    [5] => 2
    [6] => male
    [7] => null
    [8] => null
    [9] => 36
    [10] => 108
)

[20-Feb-2025 18:56:25 Europe/Berlin] Types string: sssssssssii
[20-Feb-2025 18:56:25 Europe/Berlin] Pet update successful. Pet ID: 36
