

=== Migrated from debug.log at 2025-02-11 02:44:47 ===
[2025-02-07 06:10:57] === New Message Save Request ===
[2025-02-07 06:10:57] Request Method: POST
[2025-02-07 06:10:57] Request Headers: {"Host":" 192.168.1.11","Connection":"keep-alive","Content-Length":"70","User-Agent":"Mozilla\/5.0 (iPhone; CPU iPhone OS 16_6 like Mac OS X) AppleWebKit\/605.1.15 (KHTML, like Gecko) Version\/16.6 Mobile\/15E148 Safari\/604.1","Accept":"application\/json, text\/plain, *\/*","Content-Type":"application\/json","Sec-GPC":"1","Accept-Language":"en-US,en;q=0.7","Origin":"http:\/\/localhost:8081","Referer":"http:\/\/localhost:8081\/","Accept-Encoding":"gzip, deflate"}
[2025-02-07 06:10:57] Raw request data: {"sender_id":108,"receiver_id":1,"message":"fdsd","conversation_id":3}
[2025-02-07 06:10:57] Decoded data: {"sender_id":108,"receiver_id":1,"message":"fdsd","conversation_id":3}
[2025-02-07 06:10:57] Connecting to database...
[2025-02-07 06:10:57] Database connection established
[2025-02-07 06:10:57] Preparing query: INSERT INTO messages (
                conversation_id,
                sender_id,
                receiver_id,
                message,
                sent_at,
                created_at,
                updated_at
              ) VALUES (?, ?, ?, ?, NOW(), NOW(), NOW())
[2025-02-07 06:10:57] Binding parameters:
[2025-02-07 06:10:57] sender_id: 108
[2025-02-07 06:10:57] receiver_id: 1
[2025-02-07 06:10:57] message: fdsd
[2025-02-07 06:10:57] conversation_id: 3
[2025-02-07 06:10:57] Executing query...
[2025-02-07 06:10:57] Message saved successfully with ID: 11
[2025-02-07 06:10:57] Sending response: {"success":true,"message_id":11,"message":"Message saved successfully"}
[2025-02-07 06:10:57] Statement closed
[2025-02-07 06:10:57] Database connection closed
[2025-02-07 06:10:57] === Request Complete ===

[2025-02-07 06:10:58] === New Message Save Request ===
[2025-02-07 06:10:58] Request Method: POST
[2025-02-07 06:10:58] Request Headers: {"Host":" 192.168.1.11","Connection":"keep-alive","Content-Length":"70","User-Agent":"Mozilla\/5.0 (iPhone; CPU iPhone OS 16_6 like Mac OS X) AppleWebKit\/605.1.15 (KHTML, like Gecko) Version\/16.6 Mobile\/15E148 Safari\/604.1","Accept":"application\/json, text\/plain, *\/*","Content-Type":"application\/json","Sec-GPC":"1","Accept-Language":"en-US,en;q=0.7","Origin":"http:\/\/localhost:8081","Referer":"http:\/\/localhost:8081\/","Accept-Encoding":"gzip, deflate"}
[2025-02-07 06:10:58] Raw request data: {"sender_id":108,"receiver_id":2,"message":"fdsd","conversation_id":3}
[2025-02-07 06:10:58] Decoded data: {"sender_id":108,"receiver_id":2,"message":"fdsd","conversation_id":3}
[2025-02-07 06:10:58] Connecting to database...
[2025-02-07 06:10:58] Database connection established
[2025-02-07 06:10:58] Preparing query: INSERT INTO messages (
                conversation_id,
                sender_id,
                receiver_id,
                message,
                sent_at,
                created_at,
                updated_at
              ) VALUES (?, ?, ?, ?, NOW(), NOW(), NOW())
[2025-02-07 06:10:58] Binding parameters:
[2025-02-07 06:10:58] sender_id: 108
[2025-02-07 06:10:58] receiver_id: 2
[2025-02-07 06:10:58] message: fdsd
[2025-02-07 06:10:58] conversation_id: 3
[2025-02-07 06:10:58] Executing query...
[2025-02-07 06:10:58] Message saved successfully with ID: 12
[2025-02-07 06:10:58] Sending response: {"success":true,"message_id":12,"message":"Message saved successfully"}
[2025-02-07 06:10:58] Statement closed
[2025-02-07 06:10:58] Database connection closed
[2025-02-07 06:10:58] === Request Complete ===

[2025-02-07 06:10:58] === New Message Save Request ===
[2025-02-07 06:10:58] Request Method: POST
[2025-02-07 06:10:58] Request Headers: {"Host":" 192.168.1.11","Connection":"keep-alive","Content-Length":"72","User-Agent":"Mozilla\/5.0 (iPhone; CPU iPhone OS 16_6 like Mac OS X) AppleWebKit\/605.1.15 (KHTML, like Gecko) Version\/16.6 Mobile\/15E148 Safari\/604.1","Accept":"application\/json, text\/plain, *\/*","Content-Type":"application\/json","Sec-GPC":"1","Accept-Language":"en-US,en;q=0.7","Origin":"http:\/\/localhost:8081","Referer":"http:\/\/localhost:8081\/","Accept-Encoding":"gzip, deflate"}
[2025-02-07 06:10:58] Raw request data: {"sender_id":108,"receiver_id":109,"message":"fdsd","conversation_id":3}
[2025-02-07 06:10:58] Decoded data: {"sender_id":108,"receiver_id":109,"message":"fdsd","conversation_id":3}
[2025-02-07 06:10:58] Connecting to database...
[2025-02-07 06:10:58] Database connection established
[2025-02-07 06:10:58] Preparing query: INSERT INTO messages (
                conversation_id,
                sender_id,
                receiver_id,
                message,
                sent_at,
                created_at,
                updated_at
              ) VALUES (?, ?, ?, ?, NOW(), NOW(), NOW())
[2025-02-07 06:10:58] Binding parameters:
[2025-02-07 06:10:58] sender_id: 108
[2025-02-07 06:10:58] receiver_id: 109
[2025-02-07 06:10:58] message: fdsd
[2025-02-07 06:10:58] conversation_id: 3
[2025-02-07 06:10:58] Executing query...
[2025-02-07 06:10:58] Message saved successfully with ID: 13
[2025-02-07 06:10:58] Sending response: {"success":true,"message_id":13,"message":"Message saved successfully"}
[2025-02-07 06:10:58] Statement closed
[2025-02-07 06:10:58] Database connection closed
[2025-02-07 06:10:58] === Request Complete ===

[2025-02-07 06:55:46] === New Message Save Request ===
[2025-02-07 06:55:46] Request Method: POST
[2025-02-07 06:55:46] Request Headers: {"Host":" 192.168.1.11","Connection":"keep-alive","Content-Length":"107","User-Agent":"Mozilla\/5.0 (iPhone; CPU iPhone OS 16_6 like Mac OS X) AppleWebKit\/605.1.15 (KHTML, like Gecko) Version\/16.6 Mobile\/15E148 Safari\/604.1","Accept":"application\/json, text\/plain, *\/*","Content-Type":"application\/json","Sec-GPC":"1","Accept-Language":"en-US,en;q=0.7","Origin":"http:\/\/localhost:8081","Referer":"http:\/\/localhost:8081\/","Accept-Encoding":"gzip, deflate"}
[2025-02-07 06:55:46] Raw request data: {"sender_id":108,"receiver_id":1,"message":"hello","conversation_id":7,"is_automated":0,"bot_context":null}
[2025-02-07 06:55:46] Decoded data: {"sender_id":108,"receiver_id":1,"message":"hello","conversation_id":7,"is_automated":0,"bot_context":null}
[2025-02-07 06:55:46] Connecting to database...
[2025-02-07 06:55:46] Database connection established
[2025-02-07 06:55:46] Preparing query: INSERT INTO messages (
                conversation_id,
                sender_id,
                receiver_id,
                message,
                sent_at,
                created_at,
                updated_at
              ) VALUES (?, ?, ?, ?, NOW(), NOW(), NOW())
[2025-02-07 06:55:46] Binding parameters:
[2025-02-07 06:55:46] sender_id: 108
[2025-02-07 06:55:46] receiver_id: 1
[2025-02-07 06:55:46] message: hello
[2025-02-07 06:55:46] conversation_id: 7
[2025-02-07 06:55:46] Executing query...
[2025-02-07 06:55:46] Message saved successfully with ID: 14
[2025-02-07 06:55:46] Sending response: {"success":true,"message_id":14,"message":"Message saved successfully"}
[2025-02-07 06:55:46] Statement closed
[2025-02-07 06:55:46] Database connection closed
[2025-02-07 06:55:46] === Request Complete ===

[2025-02-07 06:55:47] === New Message Save Request ===
[2025-02-07 06:55:47] Request Method: POST
[2025-02-07 06:55:47] Request Headers: {"Host":" 192.168.1.11","Connection":"keep-alive","Content-Length":"88","User-Agent":"Mozilla\/5.0 (iPhone; CPU iPhone OS 16_6 like Mac OS X) AppleWebKit\/605.1.15 (KHTML, like Gecko) Version\/16.6 Mobile\/15E148 Safari\/604.1","Accept":"application\/json, text\/plain, *\/*","Content-Type":"application\/json","Sec-GPC":"1","Accept-Language":"en-US,en;q=0.7","Origin":"http:\/\/localhost:8081","Referer":"http:\/\/localhost:8081\/","Accept-Encoding":"gzip, deflate"}
[2025-02-07 06:55:47] Raw request data: {"sender_id":108,"receiver_id":2,"message":"hello","conversation_id":7,"is_automated":0}
[2025-02-07 06:55:47] Decoded data: {"sender_id":108,"receiver_id":2,"message":"hello","conversation_id":7,"is_automated":0}
[2025-02-07 06:55:47] Connecting to database...
[2025-02-07 06:55:47] Database connection established
[2025-02-07 06:55:47] Preparing query: INSERT INTO messages (
                conversation_id,
                sender_id,
                receiver_id,
                message,
                sent_at,
                created_at,
                updated_at
              ) VALUES (?, ?, ?, ?, NOW(), NOW(), NOW())
[2025-02-07 06:55:47] Binding parameters:
[2025-02-07 06:55:47] sender_id: 108
[2025-02-07 06:55:47] receiver_id: 2
[2025-02-07 06:55:47] message: hello
[2025-02-07 06:55:47] conversation_id: 7
[2025-02-07 06:55:47] Executing query...
[2025-02-07 06:55:47] Message saved successfully with ID: 15
[2025-02-07 06:55:47] Sending response: {"success":true,"message_id":15,"message":"Message saved successfully"}
[2025-02-07 06:55:47] Statement closed
[2025-02-07 06:55:47] Database connection closed
[2025-02-07 06:55:47] === Request Complete ===

[2025-02-07 06:55:47] === New Message Save Request ===
[2025-02-07 06:55:47] Request Method: POST
[2025-02-07 06:55:47] Request Headers: {"Host":" 192.168.1.11","Connection":"keep-alive","Content-Length":"90","User-Agent":"Mozilla\/5.0 (iPhone; CPU iPhone OS 16_6 like Mac OS X) AppleWebKit\/605.1.15 (KHTML, like Gecko) Version\/16.6 Mobile\/15E148 Safari\/604.1","Accept":"application\/json, text\/plain, *\/*","Content-Type":"application\/json","Sec-GPC":"1","Accept-Language":"en-US,en;q=0.7","Origin":"http:\/\/localhost:8081","Referer":"http:\/\/localhost:8081\/","Accept-Encoding":"gzip, deflate"}
[2025-02-07 06:55:47] Raw request data: {"sender_id":108,"receiver_id":109,"message":"hello","conversation_id":7,"is_automated":0}
[2025-02-07 06:55:47] Decoded data: {"sender_id":108,"receiver_id":109,"message":"hello","conversation_id":7,"is_automated":0}
[2025-02-07 06:55:47] Connecting to database...
[2025-02-07 06:55:47] Database connection established
[2025-02-07 06:55:47] Preparing query: INSERT INTO messages (
                conversation_id,
                sender_id,
                receiver_id,
                message,
                sent_at,
                created_at,
                updated_at
              ) VALUES (?, ?, ?, ?, NOW(), NOW(), NOW())
[2025-02-07 06:55:47] Binding parameters:
[2025-02-07 06:55:47] sender_id: 108
[2025-02-07 06:55:47] receiver_id: 109
[2025-02-07 06:55:47] message: hello
[2025-02-07 06:55:47] conversation_id: 7
[2025-02-07 06:55:47] Executing query...
[2025-02-07 06:55:47] Message saved successfully with ID: 16
[2025-02-07 06:55:47] Sending response: {"success":true,"message_id":16,"message":"Message saved successfully"}
[2025-02-07 06:55:47] Statement closed
[2025-02-07 06:55:47] Database connection closed
[2025-02-07 06:55:47] === Request Complete ===

[2025-02-07 07:00:35] === New Message Save Request ===
[2025-02-07 07:00:35] Request Method: POST
[2025-02-07 07:00:35] Request Headers: {"Host":" 192.168.1.11","Connection":"keep-alive","Content-Length":"110","User-Agent":"Mozilla\/5.0 (iPhone; CPU iPhone OS 16_6 like Mac OS X) AppleWebKit\/605.1.15 (KHTML, like Gecko) Version\/16.6 Mobile\/15E148 Safari\/604.1","Accept":"application\/json, text\/plain, *\/*","Content-Type":"application\/json","Sec-GPC":"1","Accept-Language":"en-US,en;q=0.7","Origin":"http:\/\/localhost:8081","Referer":"http:\/\/localhost:8081\/","Accept-Encoding":"gzip, deflate"}
[2025-02-07 07:00:35] Raw request data: {"sender_id":108,"receiver_id":1,"message":"hello","conversation_id":null,"is_automated":0,"bot_context":null}
[2025-02-07 07:00:35] Decoded data: {"sender_id":108,"receiver_id":1,"message":"hello","conversation_id":null,"is_automated":0,"bot_context":null}
[2025-02-07 07:00:35] Connecting to database...
[2025-02-07 07:00:35] Database connection established
[2025-02-07 07:00:35] Preparing query: INSERT INTO messages (
                conversation_id,
                sender_id,
                receiver_id,
                message,
                sent_at,
                created_at,
                updated_at
              ) VALUES (?, ?, ?, ?, NOW(), NOW(), NOW())
[2025-02-07 07:00:35] Binding parameters:
[2025-02-07 07:00:35] sender_id: 108
[2025-02-07 07:00:35] receiver_id: 1
[2025-02-07 07:00:35] message: hello
[2025-02-07 07:00:35] conversation_id: NULL
[2025-02-07 07:00:35] Executing query...
[2025-02-07 07:00:35] Message saved successfully with ID: 17
[2025-02-07 07:00:35] Sending response: {"success":true,"message_id":17,"message":"Message saved successfully"}
[2025-02-07 07:00:35] Statement closed
[2025-02-07 07:00:35] Database connection closed
[2025-02-07 07:00:35] === Request Complete ===

[2025-02-07 07:00:35] === New Message Save Request ===
[2025-02-07 07:00:35] Request Method: POST
[2025-02-07 07:00:35] Request Headers: {"Host":" 192.168.1.11","Connection":"keep-alive","Content-Length":"91","User-Agent":"Mozilla\/5.0 (iPhone; CPU iPhone OS 16_6 like Mac OS X) AppleWebKit\/605.1.15 (KHTML, like Gecko) Version\/16.6 Mobile\/15E148 Safari\/604.1","Accept":"application\/json, text\/plain, *\/*","Content-Type":"application\/json","Sec-GPC":"1","Accept-Language":"en-US,en;q=0.7","Origin":"http:\/\/localhost:8081","Referer":"http:\/\/localhost:8081\/","Accept-Encoding":"gzip, deflate"}
[2025-02-07 07:00:35] Raw request data: {"sender_id":108,"receiver_id":2,"message":"hello","conversation_id":null,"is_automated":0}
[2025-02-07 07:00:35] Decoded data: {"sender_id":108,"receiver_id":2,"message":"hello","conversation_id":null,"is_automated":0}
[2025-02-07 07:00:35] Connecting to database...
[2025-02-07 07:00:36] Database connection established
[2025-02-07 07:00:36] Preparing query: INSERT INTO messages (
                conversation_id,
                sender_id,
                receiver_id,
                message,
                sent_at,
                created_at,
                updated_at
              ) VALUES (?, ?, ?, ?, NOW(), NOW(), NOW())
[2025-02-07 07:00:36] Binding parameters:
[2025-02-07 07:00:36] sender_id: 108
[2025-02-07 07:00:36] receiver_id: 2
[2025-02-07 07:00:36] message: hello
[2025-02-07 07:00:36] conversation_id: NULL
[2025-02-07 07:00:36] Executing query...
[2025-02-07 07:00:36] Message saved successfully with ID: 18
[2025-02-07 07:00:36] Sending response: {"success":true,"message_id":18,"message":"Message saved successfully"}
[2025-02-07 07:00:36] Statement closed
[2025-02-07 07:00:36] Database connection closed
[2025-02-07 07:00:36] === Request Complete ===

[2025-02-07 07:00:36] === New Message Save Request ===
[2025-02-07 07:00:36] Request Method: POST
[2025-02-07 07:00:36] Request Headers: {"Host":" 192.168.1.11","Connection":"keep-alive","Content-Length":"93","User-Agent":"Mozilla\/5.0 (iPhone; CPU iPhone OS 16_6 like Mac OS X) AppleWebKit\/605.1.15 (KHTML, like Gecko) Version\/16.6 Mobile\/15E148 Safari\/604.1","Accept":"application\/json, text\/plain, *\/*","Content-Type":"application\/json","Sec-GPC":"1","Accept-Language":"en-US,en;q=0.7","Origin":"http:\/\/localhost:8081","Referer":"http:\/\/localhost:8081\/","Accept-Encoding":"gzip, deflate"}
[2025-02-07 07:00:36] Raw request data: {"sender_id":108,"receiver_id":109,"message":"hello","conversation_id":null,"is_automated":0}
[2025-02-07 07:00:36] Decoded data: {"sender_id":108,"receiver_id":109,"message":"hello","conversation_id":null,"is_automated":0}
[2025-02-07 07:00:36] Connecting to database...
[2025-02-07 07:00:36] Database connection established
[2025-02-07 07:00:36] Preparing query: INSERT INTO messages (
                conversation_id,
                sender_id,
                receiver_id,
                message,
                sent_at,
                created_at,
                updated_at
              ) VALUES (?, ?, ?, ?, NOW(), NOW(), NOW())
[2025-02-07 07:00:36] Binding parameters:
[2025-02-07 07:00:36] sender_id: 108
[2025-02-07 07:00:36] receiver_id: 109
[2025-02-07 07:00:36] message: hello
[2025-02-07 07:00:36] conversation_id: NULL
[2025-02-07 07:00:36] Executing query...
[2025-02-07 07:00:36] Message saved successfully with ID: 19
[2025-02-07 07:00:36] Sending response: {"success":true,"message_id":19,"message":"Message saved successfully"}
[2025-02-07 07:00:36] Statement closed
[2025-02-07 07:00:36] Database connection closed
[2025-02-07 07:00:36] === Request Complete ===

[2025-02-07 07:00:46] === New Message Save Request ===
[2025-02-07 07:00:46] Request Method: POST
[2025-02-07 07:00:46] Request Headers: {"Host":" 192.168.1.11","Connection":"keep-alive","Content-Length":"127","User-Agent":"Mozilla\/5.0 (iPhone; CPU iPhone OS 16_6 like Mac OS X) AppleWebKit\/605.1.15 (KHTML, like Gecko) Version\/16.6 Mobile\/15E148 Safari\/604.1","Accept":"application\/json, text\/plain, *\/*","Content-Type":"application\/json","Sec-GPC":"1","Accept-Language":"en-US,en;q=0.7","Origin":"http:\/\/localhost:8081","Referer":"http:\/\/localhost:8081\/","Accept-Encoding":"gzip, deflate"}
[2025-02-07 07:00:46] Raw request data: {"sender_id":108,"receiver_id":1,"message":"detailed consultations","conversation_id":null,"is_automated":0,"bot_context":null}
[2025-02-07 07:00:46] Decoded data: {"sender_id":108,"receiver_id":1,"message":"detailed consultations","conversation_id":null,"is_automated":0,"bot_context":null}
[2025-02-07 07:00:46] Connecting to database...
[2025-02-07 07:00:46] Database connection established
[2025-02-07 07:00:46] Preparing query: INSERT INTO messages (
                conversation_id,
                sender_id,
                receiver_id,
                message,
                sent_at,
                created_at,
                updated_at
              ) VALUES (?, ?, ?, ?, NOW(), NOW(), NOW())
[2025-02-07 07:00:46] Binding parameters:
[2025-02-07 07:00:46] sender_id: 108
[2025-02-07 07:00:46] receiver_id: 1
[2025-02-07 07:00:46] message: detailed consultations
[2025-02-07 07:00:46] conversation_id: NULL
[2025-02-07 07:00:46] Executing query...
[2025-02-07 07:00:46] Message saved successfully with ID: 20
[2025-02-07 07:00:46] Sending response: {"success":true,"message_id":20,"message":"Message saved successfully"}
[2025-02-07 07:00:46] Statement closed
[2025-02-07 07:00:46] Database connection closed
[2025-02-07 07:00:46] === Request Complete ===

[2025-02-07 07:00:46] === New Message Save Request ===
[2025-02-07 07:00:46] Request Method: POST
[2025-02-07 07:00:46] Request Headers: {"Host":" 192.168.1.11","Connection":"keep-alive","Content-Length":"108","User-Agent":"Mozilla\/5.0 (iPhone; CPU iPhone OS 16_6 like Mac OS X) AppleWebKit\/605.1.15 (KHTML, like Gecko) Version\/16.6 Mobile\/15E148 Safari\/604.1","Accept":"application\/json, text\/plain, *\/*","Content-Type":"application\/json","Sec-GPC":"1","Accept-Language":"en-US,en;q=0.7","Origin":"http:\/\/localhost:8081","Referer":"http:\/\/localhost:8081\/","Accept-Encoding":"gzip, deflate"}
[2025-02-07 07:00:46] Raw request data: {"sender_id":108,"receiver_id":2,"message":"detailed consultations","conversation_id":null,"is_automated":0}
[2025-02-07 07:00:46] Decoded data: {"sender_id":108,"receiver_id":2,"message":"detailed consultations","conversation_id":null,"is_automated":0}
[2025-02-07 07:00:46] Connecting to database...
[2025-02-07 07:00:46] Database connection established
[2025-02-07 07:00:46] Preparing query: INSERT INTO messages (
                conversation_id,
                sender_id,
                receiver_id,
                message,
                sent_at,
                created_at,
                updated_at
              ) VALUES (?, ?, ?, ?, NOW(), NOW(), NOW())
[2025-02-07 07:00:46] Binding parameters:
[2025-02-07 07:00:46] sender_id: 108
[2025-02-07 07:00:46] receiver_id: 2
[2025-02-07 07:00:46] message: detailed consultations
[2025-02-07 07:00:46] conversation_id: NULL
[2025-02-07 07:00:46] Executing query...
[2025-02-07 07:00:46] Message saved successfully with ID: 21
[2025-02-07 07:00:46] Sending response: {"success":true,"message_id":21,"message":"Message saved successfully"}
[2025-02-07 07:00:46] Statement closed
[2025-02-07 07:00:46] Database connection closed
[2025-02-07 07:00:46] === Request Complete ===

[2025-02-07 07:00:47] === New Message Save Request ===
[2025-02-07 07:00:47] Request Method: POST
[2025-02-07 07:00:47] Request Headers: {"Host":" 192.168.1.11","Connection":"keep-alive","Content-Length":"110","User-Agent":"Mozilla\/5.0 (iPhone; CPU iPhone OS 16_6 like Mac OS X) AppleWebKit\/605.1.15 (KHTML, like Gecko) Version\/16.6 Mobile\/15E148 Safari\/604.1","Accept":"application\/json, text\/plain, *\/*","Content-Type":"application\/json","Sec-GPC":"1","Accept-Language":"en-US,en;q=0.7","Origin":"http:\/\/localhost:8081","Referer":"http:\/\/localhost:8081\/","Accept-Encoding":"gzip, deflate"}
[2025-02-07 07:00:47] Raw request data: {"sender_id":108,"receiver_id":109,"message":"detailed consultations","conversation_id":null,"is_automated":0}
[2025-02-07 07:00:47] Decoded data: {"sender_id":108,"receiver_id":109,"message":"detailed consultations","conversation_id":null,"is_automated":0}
[2025-02-07 07:00:47] Connecting to database...
[2025-02-07 07:00:47] Database connection established
[2025-02-07 07:00:47] Preparing query: INSERT INTO messages (
                conversation_id,
                sender_id,
                receiver_id,
                message,
                sent_at,
                created_at,
                updated_at
              ) VALUES (?, ?, ?, ?, NOW(), NOW(), NOW())
[2025-02-07 07:00:47] Binding parameters:
[2025-02-07 07:00:47] sender_id: 108
[2025-02-07 07:00:47] receiver_id: 109
[2025-02-07 07:00:47] message: detailed consultations
[2025-02-07 07:00:47] conversation_id: NULL
[2025-02-07 07:00:47] Executing query...
[2025-02-07 07:00:47] Message saved successfully with ID: 22
[2025-02-07 07:00:47] Sending response: {"success":true,"message_id":22,"message":"Message saved successfully"}
[2025-02-07 07:00:47] Statement closed
[2025-02-07 07:00:47] Database connection closed
[2025-02-07 07:00:47] === Request Complete ===

[2025-02-07 07:04:31] === New Message Save Request ===
[2025-02-07 07:04:31] Request Method: POST
[2025-02-07 07:04:31] Request Headers: {"Host":" 192.168.1.11","Connection":"keep-alive","Content-Length":"88","User-Agent":"Mozilla\/5.0 (iPhone; CPU iPhone OS 16_6 like Mac OS X) AppleWebKit\/605.1.15 (KHTML, like Gecko) Version\/16.6 Mobile\/15E148 Safari\/604.1","Accept":"application\/json, text\/plain, *\/*","Content-Type":"application\/json","Sec-GPC":"1","Accept-Language":"en-US,en;q=0.7","Origin":"http:\/\/localhost:8081","Referer":"http:\/\/localhost:8081\/","Accept-Encoding":"gzip, deflate"}
[2025-02-07 07:04:31] Raw request data: {"sender_id":108,"receiver_id":1,"message":"hello","conversation_id":8,"is_automated":0}
[2025-02-07 07:04:31] Decoded data: {"sender_id":108,"receiver_id":1,"message":"hello","conversation_id":8,"is_automated":0}
[2025-02-07 07:04:31] Connecting to database...
[2025-02-07 07:04:31] Database connection established
[2025-02-07 07:04:31] Preparing query: INSERT INTO messages (
                conversation_id,
                sender_id,
                receiver_id,
                message,
                sent_at,
                created_at,
                updated_at
              ) VALUES (?, ?, ?, ?, NOW(), NOW(), NOW())
[2025-02-07 07:04:31] Binding parameters:
[2025-02-07 07:04:31] sender_id: 108
[2025-02-07 07:04:31] receiver_id: 1
[2025-02-07 07:04:31] message: hello
[2025-02-07 07:04:31] conversation_id: 8
[2025-02-07 07:04:31] Executing query...
[2025-02-07 07:04:31] Message saved successfully with ID: 23
[2025-02-07 07:04:31] Sending response: {"success":true,"message_id":23,"message":"Message saved successfully"}
[2025-02-07 07:04:31] Statement closed
[2025-02-07 07:04:31] Database connection closed
[2025-02-07 07:04:31] === Request Complete ===

[2025-02-07 07:04:31] === New Message Save Request ===
[2025-02-07 07:04:31] Request Method: POST
[2025-02-07 07:04:31] Request Headers: {"Host":" 192.168.1.11","Connection":"keep-alive","Content-Length":"88","User-Agent":"Mozilla\/5.0 (iPhone; CPU iPhone OS 16_6 like Mac OS X) AppleWebKit\/605.1.15 (KHTML, like Gecko) Version\/16.6 Mobile\/15E148 Safari\/604.1","Accept":"application\/json, text\/plain, *\/*","Content-Type":"application\/json","Sec-GPC":"1","Accept-Language":"en-US,en;q=0.7","Origin":"http:\/\/localhost:8081","Referer":"http:\/\/localhost:8081\/","Accept-Encoding":"gzip, deflate"}
[2025-02-07 07:04:31] Raw request data: {"sender_id":108,"receiver_id":2,"message":"hello","conversation_id":8,"is_automated":0}
[2025-02-07 07:04:31] Decoded data: {"sender_id":108,"receiver_id":2,"message":"hello","conversation_id":8,"is_automated":0}
[2025-02-07 07:04:31] Connecting to database...
[2025-02-07 07:04:31] Database connection established
[2025-02-07 07:04:31] Preparing query: INSERT INTO messages (
                conversation_id,
                sender_id,
                receiver_id,
                message,
                sent_at,
                created_at,
                updated_at
              ) VALUES (?, ?, ?, ?, NOW(), NOW(), NOW())
[2025-02-07 07:04:31] Binding parameters:
[2025-02-07 07:04:31] sender_id: 108
[2025-02-07 07:04:31] receiver_id: 2
[2025-02-07 07:04:31] message: hello
[2025-02-07 07:04:31] conversation_id: 8
[2025-02-07 07:04:31] Executing query...
[2025-02-07 07:04:31] Message saved successfully with ID: 24
[2025-02-07 07:04:31] Sending response: {"success":true,"message_id":24,"message":"Message saved successfully"}
[2025-02-07 07:04:31] Statement closed
[2025-02-07 07:04:31] Database connection closed
[2025-02-07 07:04:31] === Request Complete ===

[2025-02-07 07:04:31] === New Message Save Request ===
[2025-02-07 07:04:31] Request Method: POST
[2025-02-07 07:04:31] Request Headers: {"Host":" 192.168.1.11","Connection":"keep-alive","Content-Length":"90","User-Agent":"Mozilla\/5.0 (iPhone; CPU iPhone OS 16_6 like Mac OS X) AppleWebKit\/605.1.15 (KHTML, like Gecko) Version\/16.6 Mobile\/15E148 Safari\/604.1","Accept":"application\/json, text\/plain, *\/*","Content-Type":"application\/json","Sec-GPC":"1","Accept-Language":"en-US,en;q=0.7","Origin":"http:\/\/localhost:8081","Referer":"http:\/\/localhost:8081\/","Accept-Encoding":"gzip, deflate"}
[2025-02-07 07:04:31] Raw request data: {"sender_id":108,"receiver_id":109,"message":"hello","conversation_id":8,"is_automated":0}
[2025-02-07 07:04:31] Decoded data: {"sender_id":108,"receiver_id":109,"message":"hello","conversation_id":8,"is_automated":0}
[2025-02-07 07:04:31] Connecting to database...
[2025-02-07 07:04:31] Database connection established
[2025-02-07 07:04:31] Preparing query: INSERT INTO messages (
                conversation_id,
                sender_id,
                receiver_id,
                message,
                sent_at,
                created_at,
                updated_at
              ) VALUES (?, ?, ?, ?, NOW(), NOW(), NOW())
[2025-02-07 07:04:31] Binding parameters:
[2025-02-07 07:04:31] sender_id: 108
[2025-02-07 07:04:31] receiver_id: 109
[2025-02-07 07:04:31] message: hello
[2025-02-07 07:04:31] conversation_id: 8
[2025-02-07 07:04:31] Executing query...
[2025-02-07 07:04:31] Message saved successfully with ID: 25
[2025-02-07 07:04:31] Sending response: {"success":true,"message_id":25,"message":"Message saved successfully"}
[2025-02-07 07:04:31] Statement closed
[2025-02-07 07:04:31] Database connection closed
[2025-02-07 07:04:31] === Request Complete ===

[2025-02-07 07:09:37] === New Message Save Request ===
[2025-02-07 07:09:37] Request Method: POST
[2025-02-07 07:09:37] Request Headers: {"Host":" 192.168.1.11","Connection":"keep-alive","Content-Length":"103","User-Agent":"Mozilla\/5.0 (iPhone; CPU iPhone OS 16_6 like Mac OS X) AppleWebKit\/605.1.15 (KHTML, like Gecko) Version\/16.6 Mobile\/15E148 Safari\/604.1","Accept":"application\/json, text\/plain, *\/*","Content-Type":"application\/json","Sec-GPC":"1","Accept-Language":"en-US,en;q=0.7","Origin":"http:\/\/localhost:8081","Referer":"http:\/\/localhost:8081\/","Accept-Encoding":"gzip, deflate"}
[2025-02-07 07:09:37] Raw request data: {"sender_id":108,"receiver_id":1,"message":"Details Consultation","conversation_id":9,"is_automated":0}
[2025-02-07 07:09:37] Decoded data: {"sender_id":108,"receiver_id":1,"message":"Details Consultation","conversation_id":9,"is_automated":0}
[2025-02-07 07:09:37] Connecting to database...
[2025-02-07 07:09:37] Database connection established
[2025-02-07 07:09:37] Preparing query: INSERT INTO messages (
                conversation_id,
                sender_id,
                receiver_id,
                message,
                sent_at,
                created_at,
                updated_at
              ) VALUES (?, ?, ?, ?, NOW(), NOW(), NOW())
[2025-02-07 07:09:37] Binding parameters:
[2025-02-07 07:09:37] sender_id: 108
[2025-02-07 07:09:37] receiver_id: 1
[2025-02-07 07:09:37] message: Details Consultation
[2025-02-07 07:09:37] conversation_id: 9
[2025-02-07 07:09:37] Executing query...
[2025-02-07 07:09:37] Message saved successfully with ID: 26
[2025-02-07 07:09:37] Sending response: {"success":true,"message_id":26,"message":"Message saved successfully"}
[2025-02-07 07:09:37] Statement closed
[2025-02-07 07:09:37] Database connection closed
[2025-02-07 07:09:37] === Request Complete ===

[2025-02-07 07:12:58] === New Message Save Request ===
[2025-02-07 07:12:58] Request Method: POST
[2025-02-07 07:12:58] Request Headers: {"Host":" 192.168.1.11","Connection":"keep-alive","Content-Length":"106","User-Agent":"Mozilla\/5.0 (iPhone; CPU iPhone OS 16_6 like Mac OS X) AppleWebKit\/605.1.15 (KHTML, like Gecko) Version\/16.6 Mobile\/15E148 Safari\/604.1","Accept":"application\/json, text\/plain, *\/*","Content-Type":"application\/json","Sec-GPC":"1","Accept-Language":"en-US,en;q=0.7","Origin":"http:\/\/localhost:8081","Referer":"http:\/\/localhost:8081\/","Accept-Encoding":"gzip, deflate"}
[2025-02-07 07:12:58] Raw request data: {"sender_id":108,"receiver_id":1,"message":"Automated Chat Support","conversation_id":11,"is_automated":0}
[2025-02-07 07:12:58] Decoded data: {"sender_id":108,"receiver_id":1,"message":"Automated Chat Support","conversation_id":11,"is_automated":0}
[2025-02-07 07:12:58] Connecting to database...
[2025-02-07 07:12:58] Database connection established
[2025-02-07 07:12:58] Preparing query: INSERT INTO messages (
                conversation_id,
                sender_id,
                receiver_id,
                message,
                sent_at,
                created_at,
                updated_at
              ) VALUES (?, ?, ?, ?, NOW(), NOW(), NOW())
[2025-02-07 07:12:58] Binding parameters:
[2025-02-07 07:12:58] sender_id: 108
[2025-02-07 07:12:58] receiver_id: 1
[2025-02-07 07:12:58] message: Automated Chat Support
[2025-02-07 07:12:58] conversation_id: 11
[2025-02-07 07:12:58] Executing query...
[2025-02-07 07:12:58] Message saved successfully with ID: 27
[2025-02-07 07:12:58] Sending response: {"success":true,"message_id":27,"message":"Message saved successfully"}
[2025-02-07 07:12:58] Statement closed
[2025-02-07 07:12:58] Database connection closed
[2025-02-07 07:12:58] === Request Complete ===

[2025-02-07 07:15:39] === New Message Save Request ===
[2025-02-07 07:15:39] Request Method: POST
[2025-02-07 07:15:39] Request Headers: {"Host":" 192.168.1.11","Connection":"keep-alive","Content-Length":"89","User-Agent":"Mozilla\/5.0 (iPhone; CPU iPhone OS 16_6 like Mac OS X) AppleWebKit\/605.1.15 (KHTML, like Gecko) Version\/16.6 Mobile\/15E148 Safari\/604.1","Accept":"application\/json, text\/plain, *\/*","Content-Type":"application\/json","Sec-GPC":"1","Accept-Language":"en-US,en;q=0.7","Origin":"http:\/\/localhost:8081","Referer":"http:\/\/localhost:8081\/","Accept-Encoding":"gzip, deflate"}
[2025-02-07 07:15:39] Raw request data: {"sender_id":108,"receiver_id":1,"message":"Hello","conversation_id":12,"is_automated":0}
[2025-02-07 07:15:39] Decoded data: {"sender_id":108,"receiver_id":1,"message":"Hello","conversation_id":12,"is_automated":0}
[2025-02-07 07:15:39] Connecting to database...
[2025-02-07 07:15:39] Database connection established
[2025-02-07 07:15:39] Preparing query: INSERT INTO messages (
                conversation_id,
                sender_id,
                receiver_id,
                message,
                sent_at,
                created_at,
                updated_at
              ) VALUES (?, ?, ?, ?, NOW(), NOW(), NOW())
[2025-02-07 07:15:39] Binding parameters:
[2025-02-07 07:15:39] sender_id: 108
[2025-02-07 07:15:39] receiver_id: 1
[2025-02-07 07:15:39] message: Hello
[2025-02-07 07:15:39] conversation_id: 12
[2025-02-07 07:15:39] Executing query...
[2025-02-07 07:15:39] Message saved successfully with ID: 28
[2025-02-07 07:15:39] Sending response: {"success":true,"message_id":28,"message":"Message saved successfully"}
[2025-02-07 07:15:39] Statement closed
[2025-02-07 07:15:39] Database connection closed
[2025-02-07 07:15:39] === Request Complete ===

[2025-02-07 07:18:49] === New Message Save Request ===
[2025-02-07 07:18:49] Request Method: POST
[2025-02-07 07:18:49] Request Headers: {"Host":" 192.168.1.11","Connection":"keep-alive","Content-Length":"89","User-Agent":"Mozilla\/5.0 (iPhone; CPU iPhone OS 16_6 like Mac OS X) AppleWebKit\/605.1.15 (KHTML, like Gecko) Version\/16.6 Mobile\/15E148 Safari\/604.1","Accept":"application\/json, text\/plain, *\/*","Content-Type":"application\/json","Sec-GPC":"1","Accept-Language":"en-US,en;q=0.7","Origin":"http:\/\/localhost:8081","Referer":"http:\/\/localhost:8081\/","Accept-Encoding":"gzip, deflate"}
[2025-02-07 07:18:49] Raw request data: {"sender_id":108,"receiver_id":1,"message":"Hello","conversation_id":13,"is_automated":0}
[2025-02-07 07:18:49] Decoded data: {"sender_id":108,"receiver_id":1,"message":"Hello","conversation_id":13,"is_automated":0}
[2025-02-07 07:18:49] Connecting to database...
[2025-02-07 07:18:49] Database connection established
[2025-02-07 07:18:49] Preparing query: INSERT INTO messages (
                conversation_id,
                sender_id,
                receiver_id,
                message,
                sent_at,
                created_at,
                updated_at
              ) VALUES (?, ?, ?, ?, NOW(), NOW(), NOW())
[2025-02-07 07:18:49] Binding parameters:
[2025-02-07 07:18:49] sender_id: 108
[2025-02-07 07:18:49] receiver_id: 1
[2025-02-07 07:18:49] message: Hello
[2025-02-07 07:18:49] conversation_id: 13
[2025-02-07 07:18:49] Executing query...
[2025-02-07 07:18:49] Message saved successfully with ID: 29
[2025-02-07 07:18:49] Sending response: {"success":true,"message_id":29,"message":"Message saved successfully"}
[2025-02-07 07:18:49] Statement closed
[2025-02-07 07:18:49] Database connection closed
[2025-02-07 07:18:49] === Request Complete ===

[2025-02-07 07:21:31] === New Message Save Request ===
[2025-02-07 07:21:31] Request Method: POST
[2025-02-07 07:21:31] Request Headers: {"Host":" 192.168.1.11","Connection":"keep-alive","Content-Length":"95","User-Agent":"Mozilla\/5.0 (iPhone; CPU iPhone OS 16_6 like Mac OS X) AppleWebKit\/605.1.15 (KHTML, like Gecko) Version\/16.6 Mobile\/15E148 Safari\/604.1","Accept":"application\/json, text\/plain, *\/*","Content-Type":"application\/json","Sec-GPC":"1","Accept-Language":"en-US,en;q=0.7","Origin":"http:\/\/localhost:8081","Referer":"http:\/\/localhost:8081\/","Accept-Encoding":"gzip, deflate"}
[2025-02-07 07:21:31] Raw request data: {"sender_id":108,"receiver_id":0,"message":"Hello","is_automated":1,"bot_context":"user_query"}
[2025-02-07 07:21:31] Decoded data: {"sender_id":108,"receiver_id":0,"message":"Hello","is_automated":1,"bot_context":"user_query"}
[2025-02-07 07:21:31] Connecting to database...
[2025-02-07 07:21:31] Database connection established
[2025-02-07 07:21:31] Preparing query: INSERT INTO messages (
                conversation_id,
                sender_id,
                receiver_id,
                message,
                sent_at,
                created_at,
                updated_at
              ) VALUES (?, ?, ?, ?, NOW(), NOW(), NOW())
[2025-02-07 07:21:31] Binding parameters:
[2025-02-07 07:21:31] sender_id: 108
[2025-02-07 07:21:31] receiver_id: 0
[2025-02-07 07:21:31] message: Hello
[2025-02-07 07:21:31] conversation_id: NULL
[2025-02-07 07:21:31] Executing query...
[2025-02-07 07:21:31] Message saved successfully with ID: 30
[2025-02-07 07:21:31] Sending response: {"success":true,"message_id":30,"message":"Message saved successfully"}
[2025-02-07 07:21:31] Statement closed
[2025-02-07 07:21:31] Database connection closed
[2025-02-07 07:21:31] === Request Complete ===

[2025-02-07 07:21:32] === New Message Save Request ===
[2025-02-07 07:21:32] Request Method: POST
[2025-02-07 07:21:32] Request Headers: {"Host":" 192.168.1.11","Connection":"keep-alive","Content-Length":"172","User-Agent":"Mozilla\/5.0 (iPhone; CPU iPhone OS 16_6 like Mac OS X) AppleWebKit\/605.1.15 (KHTML, like Gecko) Version\/16.6 Mobile\/15E148 Safari\/604.1","Accept":"application\/json, text\/plain, *\/*","Content-Type":"application\/json","Sec-GPC":"1","Accept-Language":"en-US,en;q=0.7","Origin":"http:\/\/localhost:8081","Referer":"http:\/\/localhost:8081\/","Accept-Encoding":"gzip, deflate"}
[2025-02-07 07:21:32] Raw request data: {"sender_id":0,"receiver_id":108,"message":"Hello! How can I assist you today? Feel free to ask about our pet care services!","is_automated":1,"bot_context":"bot_response"}
[2025-02-07 07:21:32] Decoded data: {"sender_id":0,"receiver_id":108,"message":"Hello! How can I assist you today? Feel free to ask about our pet care services!","is_automated":1,"bot_context":"bot_response"}
[2025-02-07 07:21:32] Connecting to database...
[2025-02-07 07:21:32] Database connection established
[2025-02-07 07:21:32] Preparing query: INSERT INTO messages (
                conversation_id,
                sender_id,
                receiver_id,
                message,
                sent_at,
                created_at,
                updated_at
              ) VALUES (?, ?, ?, ?, NOW(), NOW(), NOW())
[2025-02-07 07:21:32] Binding parameters:
[2025-02-07 07:21:32] sender_id: 0
[2025-02-07 07:21:32] receiver_id: 108
[2025-02-07 07:21:32] message: Hello! How can I assist you today? Feel free to ask about our pet care services!
[2025-02-07 07:21:32] conversation_id: NULL
[2025-02-07 07:21:32] Executing query...
[2025-02-07 07:21:32] Message saved successfully with ID: 31
[2025-02-07 07:21:32] Sending response: {"success":true,"message_id":31,"message":"Message saved successfully"}
[2025-02-07 07:21:32] Statement closed
[2025-02-07 07:21:32] Database connection closed
[2025-02-07 07:21:32] === Request Complete ===

[2025-02-07 07:26:56] === New Message Save Request ===
[2025-02-07 07:26:56] Request Method: POST
[2025-02-07 07:26:56] Request Headers: {"Host":" 192.168.1.11","Connection":"keep-alive","Content-Length":"89","User-Agent":"Mozilla\/5.0 (iPhone; CPU iPhone OS 16_6 like Mac OS X) AppleWebKit\/605.1.15 (KHTML, like Gecko) Version\/16.6 Mobile\/15E148 Safari\/604.1","Accept":"application\/json, text\/plain, *\/*","Content-Type":"application\/json","Sec-GPC":"1","Accept-Language":"en-US,en;q=0.7","Origin":"http:\/\/localhost:8081","Referer":"http:\/\/localhost:8081\/","Accept-Encoding":"gzip, deflate"}
[2025-02-07 07:26:56] Raw request data: {"sender_id":108,"receiver_id":1,"message":"Hello","conversation_id":20,"is_automated":0}
[2025-02-07 07:26:56] Decoded data: {"sender_id":108,"receiver_id":1,"message":"Hello","conversation_id":20,"is_automated":0}
[2025-02-07 07:26:56] Connecting to database...
[2025-02-07 07:26:56] Database connection established
[2025-02-07 07:26:56] Preparing query: INSERT INTO messages (
                conversation_id,
                sender_id,
                receiver_id,
                message,
                sent_at,
                created_at,
                updated_at
              ) VALUES (?, ?, ?, ?, NOW(), NOW(), NOW())
[2025-02-07 07:26:56] Binding parameters:
[2025-02-07 07:26:56] sender_id: 108
[2025-02-07 07:26:56] receiver_id: 1
[2025-02-07 07:26:56] message: Hello
[2025-02-07 07:26:56] conversation_id: 20
[2025-02-07 07:26:56] Executing query...
[2025-02-07 07:26:56] Message saved successfully with ID: 32
[2025-02-07 07:26:56] Sending response: {"success":true,"message_id":32,"message":"Message saved successfully"}
[2025-02-07 07:26:56] Statement closed
[2025-02-07 07:26:56] Database connection closed
[2025-02-07 07:26:56] === Request Complete ===

[2025-02-07 07:35:04] === New Message Save Request ===
[2025-02-07 07:35:04] Request Method: POST
[2025-02-07 07:35:04] Request Headers: {"Host":" 192.168.1.11","Connection":"keep-alive","Content-Length":"95","User-Agent":"Mozilla\/5.0 (iPhone; CPU iPhone OS 16_6 like Mac OS X) AppleWebKit\/605.1.15 (KHTML, like Gecko) Version\/16.6 Mobile\/15E148 Safari\/604.1","Accept":"application\/json, text\/plain, *\/*","Content-Type":"application\/json","Sec-GPC":"1","Accept-Language":"en-US,en;q=0.7","Origin":"http:\/\/localhost:8081","Referer":"http:\/\/localhost:8081\/","Accept-Encoding":"gzip, deflate"}
[2025-02-07 07:35:04] Raw request data: {"sender_id":108,"receiver_id":0,"message":"Hello","is_automated":1,"bot_context":"user_query"}
[2025-02-07 07:35:04] Decoded data: {"sender_id":108,"receiver_id":0,"message":"Hello","is_automated":1,"bot_context":"user_query"}
[2025-02-07 07:35:04] Connecting to database...
[2025-02-07 07:35:04] Database connection established
[2025-02-07 07:35:04] Preparing query: INSERT INTO messages (
                conversation_id,
                sender_id,
                receiver_id,
                message,
                sent_at,
                created_at,
                updated_at
              ) VALUES (?, ?, ?, ?, NOW(), NOW(), NOW())
[2025-02-07 07:35:04] Binding parameters:
[2025-02-07 07:35:04] sender_id: 108
[2025-02-07 07:35:04] receiver_id: 0
[2025-02-07 07:35:04] message: Hello
[2025-02-07 07:35:04] conversation_id: NULL
[2025-02-07 07:35:04] Executing query...
[2025-02-07 07:35:04] Message saved successfully with ID: 33
[2025-02-07 07:35:04] Sending response: {"success":true,"message_id":33,"message":"Message saved successfully"}
[2025-02-07 07:35:04] Statement closed
[2025-02-07 07:35:04] Database connection closed
[2025-02-07 07:35:04] === Request Complete ===

[2025-02-07 07:35:04] === New Message Save Request ===
[2025-02-07 07:35:04] Request Method: POST
[2025-02-07 07:35:04] Request Headers: {"Host":" 192.168.1.11","Connection":"keep-alive","Content-Length":"172","User-Agent":"Mozilla\/5.0 (iPhone; CPU iPhone OS 16_6 like Mac OS X) AppleWebKit\/605.1.15 (KHTML, like Gecko) Version\/16.6 Mobile\/15E148 Safari\/604.1","Accept":"application\/json, text\/plain, *\/*","Content-Type":"application\/json","Sec-GPC":"1","Accept-Language":"en-US,en;q=0.7","Origin":"http:\/\/localhost:8081","Referer":"http:\/\/localhost:8081\/","Accept-Encoding":"gzip, deflate"}
[2025-02-07 07:35:04] Raw request data: {"sender_id":0,"receiver_id":108,"message":"Hello! How can I assist you today? Feel free to ask about our pet care services!","is_automated":1,"bot_context":"bot_response"}
[2025-02-07 07:35:04] Decoded data: {"sender_id":0,"receiver_id":108,"message":"Hello! How can I assist you today? Feel free to ask about our pet care services!","is_automated":1,"bot_context":"bot_response"}
[2025-02-07 07:35:04] Connecting to database...
[2025-02-07 07:35:04] Database connection established
[2025-02-07 07:35:04] Preparing query: INSERT INTO messages (
                conversation_id,
                sender_id,
                receiver_id,
                message,
                sent_at,
                created_at,
                updated_at
              ) VALUES (?, ?, ?, ?, NOW(), NOW(), NOW())
[2025-02-07 07:35:04] Binding parameters:
[2025-02-07 07:35:04] sender_id: 0
[2025-02-07 07:35:04] receiver_id: 108
[2025-02-07 07:35:04] message: Hello! How can I assist you today? Feel free to ask about our pet care services!
[2025-02-07 07:35:04] conversation_id: NULL
[2025-02-07 07:35:04] Executing query...
[2025-02-07 07:35:04] Message saved successfully with ID: 34
[2025-02-07 07:35:04] Sending response: {"success":true,"message_id":34,"message":"Message saved successfully"}
[2025-02-07 07:35:04] Statement closed
[2025-02-07 07:35:04] Database connection closed
[2025-02-07 07:35:04] === Request Complete ===

[2025-02-07 07:38:24] === New Message Save Request ===
[2025-02-07 07:38:24] Request Method: POST
[2025-02-07 07:38:24] Request Headers: {"Host":" 192.168.1.11","Connection":"keep-alive","Content-Length":"89","User-Agent":"Mozilla\/5.0 (iPhone; CPU iPhone OS 16_6 like Mac OS X) AppleWebKit\/605.1.15 (KHTML, like Gecko) Version\/16.6 Mobile\/15E148 Safari\/604.1","Accept":"application\/json, text\/plain, *\/*","Content-Type":"application\/json","Sec-GPC":"1","Accept-Language":"en-US,en;q=0.7","Origin":"http:\/\/localhost:8081","Referer":"http:\/\/localhost:8081\/","Accept-Encoding":"gzip, deflate"}
[2025-02-07 07:38:24] Raw request data: {"sender_id":108,"receiver_id":1,"message":"hello","conversation_id":26,"is_automated":0}
[2025-02-07 07:38:24] Decoded data: {"sender_id":108,"receiver_id":1,"message":"hello","conversation_id":26,"is_automated":0}
[2025-02-07 07:38:24] Connecting to database...
[2025-02-07 07:38:24] Database connection established
[2025-02-07 07:38:24] Preparing query: INSERT INTO messages (
                conversation_id,
                sender_id,
                receiver_id,
                message,
                sent_at,
                created_at,
                updated_at
              ) VALUES (?, ?, ?, ?, NOW(), NOW(), NOW())
[2025-02-07 07:38:24] Binding parameters:
[2025-02-07 07:38:24] sender_id: 108
[2025-02-07 07:38:24] receiver_id: 1
[2025-02-07 07:38:24] message: hello
[2025-02-07 07:38:24] conversation_id: 26
[2025-02-07 07:38:24] Executing query...
[2025-02-07 07:38:24] Message saved successfully with ID: 35
[2025-02-07 07:38:24] Sending response: {"success":true,"message_id":35,"message":"Message saved successfully"}
[2025-02-07 07:38:24] Statement closed
[2025-02-07 07:38:24] Database connection closed
[2025-02-07 07:38:24] === Request Complete ===

[2025-02-07 07:46:51] === New Message Save Request ===
[2025-02-07 07:46:51] Request Method: POST
[2025-02-07 07:46:51] Request Headers: {"Host":" 192.168.1.11","Connection":"keep-alive","Content-Length":"89","User-Agent":"Mozilla\/5.0 (iPhone; CPU iPhone OS 16_6 like Mac OS X) AppleWebKit\/605.1.15 (KHTML, like Gecko) Version\/16.6 Mobile\/15E148 Safari\/604.1","Accept":"application\/json, text\/plain, *\/*","Content-Type":"application\/json","Sec-GPC":"1","Accept-Language":"en-US,en;q=0.7","Origin":"http:\/\/localhost:8081","Referer":"http:\/\/localhost:8081\/","Accept-Encoding":"gzip, deflate"}
[2025-02-07 07:46:51] Raw request data: {"sender_id":108,"receiver_id":1,"message":"Hello","conversation_id":31,"is_automated":0}
[2025-02-07 07:46:51] Decoded data: {"sender_id":108,"receiver_id":1,"message":"Hello","conversation_id":31,"is_automated":0}
[2025-02-07 07:46:51] Connecting to database...
[2025-02-07 07:46:51] Database connection established
[2025-02-07 07:46:51] Preparing query: INSERT INTO messages (
                conversation_id,
                sender_id,
                receiver_id,
                message,
                sent_at,
                created_at,
                updated_at
              ) VALUES (?, ?, ?, ?, NOW(), NOW(), NOW())
[2025-02-07 07:46:51] Binding parameters:
[2025-02-07 07:46:51] sender_id: 108
[2025-02-07 07:46:51] receiver_id: 1
[2025-02-07 07:46:51] message: Hello
[2025-02-07 07:46:51] conversation_id: 31
[2025-02-07 07:46:51] Executing query...
[2025-02-07 07:46:51] Message saved successfully with ID: 36
[2025-02-07 07:46:51] Sending response: {"success":true,"message_id":36,"message":"Message saved successfully"}
[2025-02-07 07:46:51] Statement closed
[2025-02-07 07:46:51] Database connection closed
[2025-02-07 07:46:51] === Request Complete ===

[2025-02-07 08:10:03] === New Message Save Request ===
[2025-02-07 08:10:03] Request Method: POST
[2025-02-07 08:10:03] Request Headers: {"Host":" 192.168.1.11","Connection":"keep-alive","Content-Length":"89","User-Agent":"Mozilla\/5.0 (iPhone; CPU iPhone OS 16_6 like Mac OS X) AppleWebKit\/605.1.15 (KHTML, like Gecko) Version\/16.6 Mobile\/15E148 Safari\/604.1","Accept":"application\/json, text\/plain, *\/*","Content-Type":"application\/json","Sec-GPC":"1","Accept-Language":"en-US,en;q=0.7","Origin":"http:\/\/localhost:8081","Referer":"http:\/\/localhost:8081\/","Accept-Encoding":"gzip, deflate"}
[2025-02-07 08:10:03] Raw request data: {"sender_id":138,"receiver_id":1,"message":"Hello","conversation_id":34,"is_automated":0}
[2025-02-07 08:10:03] Decoded data: {"sender_id":138,"receiver_id":1,"message":"Hello","conversation_id":34,"is_automated":0}
[2025-02-07 08:10:03] Connecting to database...
[2025-02-07 08:10:03] Database connection established
[2025-02-07 08:10:03] Preparing query: INSERT INTO messages (
                conversation_id,
                sender_id,
                receiver_id,
                message,
                sent_at,
                created_at,
                updated_at
              ) VALUES (?, ?, ?, ?, NOW(), NOW(), NOW())
[2025-02-07 08:10:03] Binding parameters:
[2025-02-07 08:10:03] sender_id: 138
[2025-02-07 08:10:03] receiver_id: 1
[2025-02-07 08:10:03] message: Hello
[2025-02-07 08:10:03] conversation_id: 34
[2025-02-07 08:10:03] Executing query...
[2025-02-07 08:10:03] Message saved successfully with ID: 37
[2025-02-07 08:10:03] Sending response: {"success":true,"message_id":37,"message":"Message saved successfully"}
[2025-02-07 08:10:03] Statement closed
[2025-02-07 08:10:03] Database connection closed
[2025-02-07 08:10:03] === Request Complete ===

[2025-02-07 08:11:04] === New Message Save Request ===
[2025-02-07 08:11:04] Request Method: POST
[2025-02-07 08:11:04] Request Headers: {"Host":" 192.168.1.11","Connection":"keep-alive","Content-Length":"89","User-Agent":"Mozilla\/5.0 (iPhone; CPU iPhone OS 16_6 like Mac OS X) AppleWebKit\/605.1.15 (KHTML, like Gecko) Version\/16.6 Mobile\/15E148 Safari\/604.1","Accept":"application\/json, text\/plain, *\/*","Content-Type":"application\/json","Sec-GPC":"1","Accept-Language":"en-US,en;q=0.7","Origin":"http:\/\/localhost:8081","Referer":"http:\/\/localhost:8081\/","Accept-Encoding":"gzip, deflate"}
[2025-02-07 08:11:04] Raw request data: {"sender_id":138,"receiver_id":1,"message":"Hello","conversation_id":35,"is_automated":0}
[2025-02-07 08:11:04] Decoded data: {"sender_id":138,"receiver_id":1,"message":"Hello","conversation_id":35,"is_automated":0}
[2025-02-07 08:11:04] Connecting to database...
[2025-02-07 08:11:04] Database connection established
[2025-02-07 08:11:04] Preparing query: INSERT INTO messages (
                conversation_id,
                sender_id,
                receiver_id,
                message,
                sent_at,
                created_at,
                updated_at
              ) VALUES (?, ?, ?, ?, NOW(), NOW(), NOW())
[2025-02-07 08:11:04] Binding parameters:
[2025-02-07 08:11:04] sender_id: 138
[2025-02-07 08:11:04] receiver_id: 1
[2025-02-07 08:11:04] message: Hello
[2025-02-07 08:11:04] conversation_id: 35
[2025-02-07 08:11:04] Executing query...
[2025-02-07 08:11:04] Message saved successfully with ID: 38
[2025-02-07 08:11:04] Sending response: {"success":true,"message_id":38,"message":"Message saved successfully"}
[2025-02-07 08:11:04] Statement closed
[2025-02-07 08:11:04] Database connection closed
[2025-02-07 08:11:04] === Request Complete ===

[2025-02-07 13:43:35] === New Message Save Request ===
[2025-02-07 13:43:35] Request Method: POST
[2025-02-07 13:43:35] Request Headers: {"Host":" 192.168.1.11","Connection":"keep-alive","Content-Length":"89","User-Agent":"Mozilla\/5.0 (iPhone; CPU iPhone OS 16_6 like Mac OS X) AppleWebKit\/605.1.15 (KHTML, like Gecko) Version\/16.6 Mobile\/15E148 Safari\/604.1","Accept":"application\/json, text\/plain, *\/*","Content-Type":"application\/json","Sec-GPC":"1","Accept-Language":"en-US,en;q=0.7","Origin":"http:\/\/localhost:8081","Referer":"http:\/\/localhost:8081\/","Accept-Encoding":"gzip, deflate"}
[2025-02-07 13:43:35] Raw request data: {"sender_id":108,"receiver_id":1,"message":"Hello","conversation_id":38,"is_automated":0}
[2025-02-07 13:43:35] Decoded data: {"sender_id":108,"receiver_id":1,"message":"Hello","conversation_id":38,"is_automated":0}
[2025-02-07 13:43:35] Connecting to database...
[2025-02-07 13:43:35] Database connection established
[2025-02-07 13:43:35] Preparing query: INSERT INTO messages (
                conversation_id,
                sender_id,
                receiver_id,
                message,
                sent_at,
                created_at,
                updated_at
              ) VALUES (?, ?, ?, ?, NOW(), NOW(), NOW())
[2025-02-07 13:43:35] Binding parameters:
[2025-02-07 13:43:35] sender_id: 108
[2025-02-07 13:43:35] receiver_id: 1
[2025-02-07 13:43:35] message: Hello
[2025-02-07 13:43:35] conversation_id: 38
[2025-02-07 13:43:35] Executing query...
[2025-02-07 13:43:35] Message saved successfully with ID: 39
[2025-02-07 13:43:35] Sending response: {"success":true,"message_id":39,"message":"Message saved successfully"}
[2025-02-07 13:43:35] Statement closed
[2025-02-07 13:43:35] Database connection closed
[2025-02-07 13:43:35] === Request Complete ===

[2025-02-07 13:49:03] === New Message Save Request ===
[2025-02-07 13:49:03] Request Method: POST
[2025-02-07 13:49:03] Request Headers: {"Host":" 192.168.1.11","Connection":"keep-alive","Content-Length":"89","User-Agent":"Mozilla\/5.0 (iPhone; CPU iPhone OS 16_6 like Mac OS X) AppleWebKit\/605.1.15 (KHTML, like Gecko) Version\/16.6 Mobile\/15E148 Safari\/604.1","Accept":"application\/json, text\/plain, *\/*","Content-Type":"application\/json","Sec-GPC":"1","Accept-Language":"en-US,en;q=0.7","Origin":"http:\/\/localhost:8081","Referer":"http:\/\/localhost:8081\/","Accept-Encoding":"gzip, deflate"}
[2025-02-07 13:49:03] Raw request data: {"sender_id":108,"receiver_id":1,"message":"hello","conversation_id":40,"is_automated":0}
[2025-02-07 13:49:03] Decoded data: {"sender_id":108,"receiver_id":1,"message":"hello","conversation_id":40,"is_automated":0}
[2025-02-07 13:49:03] Connecting to database...
[2025-02-07 13:49:03] Database connection established
[2025-02-07 13:49:03] Preparing query: INSERT INTO messages (
                conversation_id,
                sender_id,
                receiver_id,
                message,
                sent_at,
                created_at,
                updated_at
              ) VALUES (?, ?, ?, ?, NOW(), NOW(), NOW())
[2025-02-07 13:49:03] Binding parameters:
[2025-02-07 13:49:03] sender_id: 108
[2025-02-07 13:49:03] receiver_id: 1
[2025-02-07 13:49:03] message: hello
[2025-02-07 13:49:03] conversation_id: 40
[2025-02-07 13:49:03] Executing query...
[2025-02-07 13:49:03] Message saved successfully with ID: 40
[2025-02-07 13:49:03] Sending response: {"success":true,"message_id":40,"message":"Message saved successfully"}
[2025-02-07 13:49:03] Statement closed
[2025-02-07 13:49:03] Database connection closed
[2025-02-07 13:49:03] === Request Complete ===

[2025-02-08 05:05:50] === New Message Save Request ===
[2025-02-08 05:05:50] Request Method: POST
[2025-02-08 05:05:50] Request Headers: {"Host":" 192.168.1.11","Connection":"keep-alive","Content-Length":"89","User-Agent":"Mozilla\/5.0 (iPhone; CPU iPhone OS 16_6 like Mac OS X) AppleWebKit\/605.1.15 (KHTML, like Gecko) Version\/16.6 Mobile\/15E148 Safari\/604.1","Accept":"application\/json, text\/plain, *\/*","Content-Type":"application\/json","Sec-GPC":"1","Accept-Language":"en-US,en;q=0.7","Origin":"http:\/\/localhost:8081","Referer":"http:\/\/localhost:8081\/","Accept-Encoding":"gzip, deflate"}
[2025-02-08 05:05:50] Raw request data: {"sender_id":142,"receiver_id":1,"message":"Hello","conversation_id":46,"is_automated":0}
[2025-02-08 05:05:50] Decoded data: {"sender_id":142,"receiver_id":1,"message":"Hello","conversation_id":46,"is_automated":0}
[2025-02-08 05:05:50] Connecting to database...
[2025-02-08 05:05:50] Database connection established
[2025-02-08 05:05:50] Preparing query: INSERT INTO messages (
                conversation_id,
                sender_id,
                receiver_id,
                message,
                sent_at,
                created_at,
                updated_at
              ) VALUES (?, ?, ?, ?, NOW(), NOW(), NOW())
[2025-02-08 05:05:50] Binding parameters:
[2025-02-08 05:05:50] sender_id: 142
[2025-02-08 05:05:50] receiver_id: 1
[2025-02-08 05:05:50] message: Hello
[2025-02-08 05:05:50] conversation_id: 46
[2025-02-08 05:05:50] Executing query...
[2025-02-08 05:05:50] Message saved successfully with ID: 41
[2025-02-08 05:05:50] Sending response: {"success":true,"message_id":41,"message":"Message saved successfully"}
[2025-02-08 05:05:50] Statement closed
[2025-02-08 05:05:50] Database connection closed
[2025-02-08 05:05:50] === Request Complete ===



=== Migrated from debug.log at 2025-02-11 02:44:47 ===
File accessed at: 2025-01-15 20:38:41
File accessed at: 2025-01-15 20:40:34
File accessed at: 2025-01-15 20:43:43
File accessed at: 2025-01-15 20:45:28
File accessed at: 2025-01-15 20:45:47
File accessed at: 2025-01-15 20:47:12
File accessed at: 2025-01-15 20:48:01
File accessed at: 2025-01-15 20:48:33
File accessed at: 2025-01-15 20:49:59
File accessed at: 2025-01-15 20:49:59
File accessed at: 2025-01-15 20:50:16
File accessed at: 2025-01-15 20:50:33
File accessed at: 2025-01-15 20:52:17
File accessed at: 2025-01-15 20:52:17
File accessed at: 2025-01-15 20:52:17
File accessed at: 2025-01-15 20:52:17
File accessed at: 2025-01-15 20:52:46
File accessed at: 2025-01-15 20:52:46
File accessed at: 2025-01-15 20:52:46
File accessed at: 2025-01-15 20:52:46
File accessed at: 2025-01-15 20:53:16
File accessed at: 2025-01-16 10:42:09
File accessed at: 2025-01-16 10:53:05
File accessed at: 2025-01-16 10:55:49
File accessed at: 2025-01-16 11:00:09
File accessed at: 2025-01-16 11:01:17
File accessed at: 2025-01-16 11:03:27
File accessed at: 2025-01-16 11:07:27
File accessed at: 2025-01-16 11:10:17
File accessed at: 2025-01-16 11:14:05
File accessed at: 2025-01-16 12:11:50
File accessed at: 2025-01-16 12:13:37
File accessed at: 2025-01-16 12:15:31
File accessed at: 2025-01-16 12:17:26
File accessed at: 2025-01-16 12:17:39
File accessed at: 2025-01-16 12:19:02
File accessed at: 2025-01-16 12:22:04
File accessed at: 2025-01-16 12:22:14
File accessed at: 2025-01-16 12:22:55
File accessed at: 2025-01-16 13:05:30
File accessed at: 2025-01-16 13:29:26
File accessed at: 2025-01-16 13:30:29
File accessed at: 2025-01-16 13:32:40
File accessed at: 2025-01-16 15:14:43
