Array
(
    [method] => POST
    [headers] => Array
        (
            [Host] => 192.168.1.8
            [Connection] => keep-alive
            [Content-Length] => 49
            [User-Agent] => Mozilla/5.0 (Windows NT 10.0; Win64; x64) AppleWebKit/537.36 (KHTML, like Gecko) Chrome/133.0.0.0 Safari/537.36
            [Accept] => application/json
            [Content-Type] => application/json
            [Sec-GPC] => 1
            [Accept-Language] => en-US,en;q=0.5
            [Origin] => http://192.168.1.8
            [Referer] => http://192.168.1.8/PetFurMe-Application/api/auth/test-login.php
            [Accept-Encoding] => gzip, deflate
        )

    [input] => {"email":"test@example.com","password":"test123"}
    [query] => Array
        (
        )

    [post] => Array
        (
        )

    [time] => 2025-02-11 17:55:16
)


